<?xml version="1.0" encoding="UTF-8" ?>
<testsuite errors="0" failures="0" hostname="C0265866" name="org.decsi.jaxml.xml.NamedContentTest" tests="8" time="0.203" timestamp="2011-10-22T22:15:27">
  <properties>
[...]
</properties>
  <testcase classname="org.decsi.jaxml.xml.NamedContentTest" name="testNullNameConstructor" time="0.0" />
  <testcase classname="org.decsi.jaxml.xml.NamedContentTest" name="testEmptyNameConstructor" time="0.0" />
  <testcase classname="org.decsi.jaxml.xml.NamedContentTest" name="testNullNameSet" time="0.0" />
  <testcase classname="org.decsi.jaxml.xml.NamedContentTest" name="testEmptyNameSet" time="0.078" />
  <testcase classname="org.decsi.jaxml.xml.NamedContentTest" name="testSetName" time="0.0" />
  <testcase classname="org.decsi.jaxml.xml.NamedContentTest" name="testGetNsPrefix" time="0.0" />
  <testcase classname="org.decsi.jaxml.xml.NamedContentTest" name="testGetQualifiedName" time="0.0" />
  <testcase classname="org.decsi.jaxml.xml.NamedContentTest" name="testEquals" time="0.0" />
  <system-out><![CDATA[]]></system-out>
  <system-err><![CDATA[]]></system-err>
</testsuite>
